2012-07-02 11:54:53 [INFO] Forge Mod Loader version 2.2.78.153 for Minecraft 1.2.5 loading
2012-07-02 11:54:53 [FINE] Attempting to load mods contained in the minecraft jar file and associated classes
2012-07-02 11:54:53 [FINE] Found a minecraft related directory at D:\Pixelmon\git\Pixelmon\Client\bin, loading
2012-07-02 11:54:53 [FINEST] Recursing into package argo
2012-07-02 11:54:53 [FINEST] Recursing into package argo.format
2012-07-02 11:54:53 [FINEST] Recursing into package argo.jdom
2012-07-02 11:54:53 [FINEST] Recursing into package argo.saj
2012-07-02 11:54:53 [FINEST] Recursing into package cpw
2012-07-02 11:54:53 [FINEST] Recursing into package cpw.mods
2012-07-02 11:54:53 [FINEST] Recursing into package cpw.mods.fml
2012-07-02 11:54:53 [FINEST] Recursing into package cpw.mods.fml.client
2012-07-02 11:54:53 [FINEST] Recursing into package cpw.mods.fml.common
2012-07-02 11:54:53 [FINEST] Recursing into package cpw.mods.fml.common.modloader
2012-07-02 11:54:53 [FINEST] Recursing into package cpw.mods.fml.common.registry
2012-07-02 11:54:53 [FINEST] Recursing into package cpw.mods.fml.common.toposort
2012-07-02 11:54:53 [FINEST] Recursing into package ibxm
2012-07-02 11:54:53 [FINEST] Recursing into package net
2012-07-02 11:54:53 [FINEST] Recursing into package net.minecraft
2012-07-02 11:54:53 [FINEST] Recursing into package net.minecraft.client
2012-07-02 11:54:53 [FINEST] Recursing into package net.minecraft.isom
2012-07-02 11:54:53 [FINEST] Recursing into package net.minecraft.src
2012-07-02 11:54:54 [FINEST] Recursing into package net.minecraft.src.forge
2012-07-02 11:54:54 [FINEST] Recursing into package net.minecraft.src.forge.adaptors
2012-07-02 11:54:54 [FINEST] Recursing into package net.minecraft.src.forge.oredict
2012-07-02 11:54:54 [FINEST] Recursing into package net.minecraft.src.forge.packets
2012-07-02 11:54:54 [FINE] Found a mod class net.minecraft.src.mod_MinecraftForge in directory src, attempting to load it
2012-07-02 11:54:54 [FINE] ModLoader BaseMod class net.minecraft.src.mod_MinecraftForge found, loading
2012-07-02 11:54:54 [FINE] ModLoader BaseMod class net.minecraft.src.mod_MinecraftForge loaded
2012-07-02 11:54:54 [FINE] Successfully loaded mod class mod_MinecraftForge.class
2012-07-02 11:54:54 [FINE] Found a mod class net.minecraft.src.mod_Pixelmon in directory src, attempting to load it
2012-07-02 11:54:54 [FINE] ModLoader BaseMod class net.minecraft.src.mod_Pixelmon found, loading
2012-07-02 11:54:54 [FINE] ModLoader BaseMod class net.minecraft.src.mod_Pixelmon loaded
2012-07-02 11:54:54 [FINE] Successfully loaded mod class mod_Pixelmon.class
2012-07-02 11:54:54 [FINEST] Recursing into package paulscode
2012-07-02 11:54:54 [FINEST] Recursing into package paulscode.sound
2012-07-02 11:54:54 [FINEST] Recursing into package paulscode.sound.codecs
2012-07-02 11:54:54 [FINEST] Recursing into package pixelmon
2012-07-02 11:54:54 [FINEST] Recursing into package pixelmon.AI
2012-07-02 11:54:54 [FINEST] Recursing into package pixelmon.attacks
2012-07-02 11:54:54 [FINEST] Recursing into package pixelmon.attacks.animations
2012-07-02 11:54:54 [FINEST] Recursing into package pixelmon.attacks.attackEffects
2012-07-02 11:54:54 [FINEST] Recursing into package pixelmon.attacks.attackModifiers
2012-07-02 11:54:54 [FINEST] Recursing into package pixelmon.attacks.effects
2012-07-02 11:54:54 [FINEST] Recursing into package pixelmon.attacks.specialAttacks
2012-07-02 11:54:54 [FINEST] Recursing into package pixelmon.attacks.statusEffects
2012-07-02 11:54:54 [FINEST] Recursing into package pixelmon.comm
2012-07-02 11:54:54 [FINEST] Recursing into package pixelmon.database
2012-07-02 11:54:54 [FINEST] Recursing into package pixelmon.entities
2012-07-02 11:54:54 [FINEST] Recursing into package pixelmon.gui
2012-07-02 11:54:54 [FINEST] Recursing into package pixelmon.Pokemon
2012-07-02 11:54:54 [FINEST] Recursing into package pixelmon.storage
2012-07-02 11:54:54 [FINEST] Recursing into package pixelmon.Trainers
2012-07-02 11:54:54 [FINE] Found a minecraft related file at D:\Pixelmon\git\Pixelmon\Client\jars\bin\jinput.jar, loading
2012-07-02 11:54:54 [FINE] Found a minecraft related file at D:\Pixelmon\git\Pixelmon\Client\jars\bin\lwjgl_util.jar, loading
2012-07-02 11:54:54 [FINE] Found a minecraft related file at D:\Pixelmon\git\Pixelmon\Client\jars\bin\lwjgl.jar, loading
2012-07-02 11:54:54 [FINE] Found a minecraft related file at D:\Pixelmon\git\Pixelmon\Client\jars\bin\sqlite-jdbc-3.7.2.jar, loading
2012-07-02 11:54:54 [FINE] Found a minecraft related file at C:\Users\Malcolm\mcp62\eclipse\Client\Client\jars\bin\minecraft.jar, loading
2012-07-02 11:54:54 [FINE] Minecraft jar mods loaded successfully
2012-07-02 11:54:54 [INFO] Loading mods from D:\Pixelmon\git\Pixelmon\Client\jars\mods
2012-07-02 11:54:54 [INFO] Forge Mod Loader has loaded 2 mods
2012-07-02 11:54:54 [FINE] Beginning mod pre-initialization
2012-07-02 11:54:54 [FINER] Pre-initializing D:\Pixelmon\git\Pixelmon\Client\bin\net\minecraft\src
2012-07-02 11:54:54 [FINE] Reading existing configuration file for mod_MinecraftForge : mod_MinecraftForge.cfg
2012-07-02 11:54:54 [FINEST] Configuration for mod_MinecraftForge.DISABLE_DARK_ROOMS found values default: false, configured: false, interpreted: false
2012-07-02 11:54:54 [FINEST] Configuration for mod_MinecraftForge.SPAWNER_ALLOW_ON_INVERTED found values default: true, configured: true, interpreted: true
2012-07-02 11:54:54 [FINEST] Configuration for mod_MinecraftForge.SPAWNER_MAKE_MORE_RANDOM found values default: false, configured: false, interpreted: false
2012-07-02 11:54:54 [FINE] Configuration for mod_MinecraftForge written to mod_MinecraftForge.cfg
2012-07-02 11:54:54 [FINER] Pre-initializing D:\Pixelmon\git\Pixelmon\Client\bin\net\minecraft\src
2012-07-02 11:54:54 [FINE] No MLProp configuration for mod_Pixelmon found or required. No file written
2012-07-02 11:54:54 [FINE] Overriding /gui/items.png @ 102 with /pixelmon/image/pokeball.png. 83 slots remaining
2012-07-02 11:54:54 [FINE] Overriding /gui/items.png @ 118 with /pixelmon/image/greatball.png. 82 slots remaining
2012-07-02 11:54:54 [FINE] Overriding /gui/items.png @ 119 with /pixelmon/image/ultraball.png. 81 slots remaining
2012-07-02 11:54:54 [FINE] Overriding /gui/items.png @ 120 with /pixelmon/image/masterball.png. 80 slots remaining
2012-07-02 11:54:54 [FINE] Overriding /terrain.png @ 168 with /pixelmon/block/healertop.png. 31 slots remaining
2012-07-02 11:54:54 [FINE] Overriding /terrain.png @ 169 with /pixelmon/block/healerbottom.png. 30 slots remaining
2012-07-02 11:54:54 [FINE] Overriding /terrain.png @ 170 with /pixelmon/block/healerside.png. 29 slots remaining
2012-07-02 11:54:54 [FINE] Overriding /terrain.png @ 171 with /pixelmon/block/healerfrontactive.png. 28 slots remaining
2012-07-02 11:54:54 [FINE] Overriding /terrain.png @ 172 with /pixelmon/block/healerfrontinactive.png. 27 slots remaining
2012-07-02 11:54:54 [FINE] Overriding /gui/items.png @ 134 with /pixelmon/image/pokechecker.png. 79 slots remaining
2012-07-02 11:54:54 [FINE] Overriding /gui/items.png @ 144 with /pixelmon/image/pokedex.png. 78 slots remaining
2012-07-02 11:54:54 [FINE] Overriding /gui/items.png @ 145 with /pixelmon/image/rarecandy.png. 77 slots remaining
2012-07-02 11:54:54 [FINE] Overriding /gui/items.png @ 146 with /pixelmon/image/potion.png. 76 slots remaining
2012-07-02 11:54:54 [FINE] Overriding /gui/items.png @ 147 with /pixelmon/image/coaldust.png. 75 slots remaining
2012-07-02 11:54:54 [FINE] Overriding /gui/items.png @ 148 with /pixelmon/image/Firestone.png. 74 slots remaining
2012-07-02 11:54:54 [FINE] Overriding /gui/items.png @ 149 with /pixelmon/image/Waterstone.png. 73 slots remaining
2012-07-02 11:54:54 [FINE] Overriding /gui/items.png @ 150 with /pixelmon/image/Moonstone.png. 72 slots remaining
2012-07-02 11:54:54 [FINE] Overriding /gui/items.png @ 152 with /pixelmon/image/Thunderstone.png. 71 slots remaining
2012-07-02 11:54:54 [FINE] Overriding /gui/items.png @ 160 with /pixelmon/image/Leafstone.png. 70 slots remaining
2012-07-02 11:54:54 [FINE] Overriding /gui/items.png @ 161 with /pixelmon/image/Thunderstone_Shard.png. 69 slots remaining
2012-07-02 11:54:54 [FINE] Overriding /gui/items.png @ 162 with /pixelmon/image/Leafstone_Shard.png. 68 slots remaining
2012-07-02 11:54:54 [FINE] Overriding /terrain.png @ 173 with /pixelmon/block/PcFrontInactive.png. 26 slots remaining
2012-07-02 11:54:54 [FINE] Mod pre-initialization complete
2012-07-02 11:54:54 [FINE] Verifying mod dependencies are satisfied
2012-07-02 11:54:54 [FINE] All dependencies are satisfied
2012-07-02 11:54:54 [FINE] Sorting mods into an ordered list
2012-07-02 11:54:54 [FINE] Sorted mod list:
2012-07-02 11:54:54 [FINE] 	mod_MinecraftForge: src ()
2012-07-02 11:54:54 [FINE] 	mod_Pixelmon: src ()
2012-07-02 11:54:54 [FINE] Beginning mod initialization
2012-07-02 11:54:54 [FINER] Initializing mod_MinecraftForge
2012-07-02 11:54:54 [INFO] MinecraftForge v3.3.8.151 Initialized
2012-07-02 11:54:54 [FINER] Initializing mod_Pixelmon
2012-07-02 11:57:48 [FINE] Overriding /terrain.png @ 184 with /pixelmon/block/Pcside.png. 25 slots remaining
2012-07-02 11:57:48 [FINE] Mod initialization complete
2012-07-02 11:57:48 [FINE] Beginning mod post-initialization
2012-07-02 11:57:48 [FINER] Post-initializing mod_MinecraftForge
2012-07-02 11:57:48 [FINER] Post-initializing mod_Pixelmon
2012-07-02 11:57:48 [FINE] Mod post-initialization complete
2012-07-02 11:57:48 [INFO] Forge Mod Loader load complete, 2 mods loaded
